<?xml version="1.0" encoding="UTF-8"?>
<!-- Generated by org.testng.reporters.JUnitReportReporter -->
<testsuite skipped="0" hostname="DESKTOP-27L8JE7" name="errorScreenShots.ScreenshotOnFailure" tests="1" failures="0" timestamp="2019-12-18T07:13:19 IST" time="27.198" errors="0">
  <testcase name="getScreenshot" time="27.198" classname="errorScreenShots.ScreenshotOnFailure"/>
</testsuite> <!-- errorScreenShots.ScreenshotOnFailure -->
