<?xml version="1.0" encoding="UTF-8"?>
<!-- Generated by org.testng.reporters.JUnitReportReporter -->
<testsuite skipped="0" hostname="DESKTOP-27L8JE7" name="com.testng.TC_003" tests="1" failures="0" timestamp="07 Jan 2020 01:44:21 GMT" time="20.969" errors="0">
  <testcase name="amazon" time="20.969" classname="com.testng.TC_003"/>
</testsuite> <!-- com.testng.TC_003 -->
