<?xml version="1.0" encoding="UTF-8"?>
<!-- Generated by org.testng.reporters.JUnitReportReporter -->
<testsuite skipped="1" hostname="DESKTOP-27L8JE7" name="com.project.December2019MavenProject.TC_002" tests="3" failures="0" timestamp="31 Dec 2019 01:57:30 GMT" time="0.027" errors="0">
  <testcase name="f" time="0.022" classname="com.project.December2019MavenProject.TC_002"/>
  <testcase name="a" time="0.005" classname="com.project.December2019MavenProject.TC_002"/>
  <testcase name="z" classname="com.project.December2019MavenProject.TC_002">
    <skipped/>
  </testcase> <!-- z -->
</testsuite> <!-- com.project.December2019MavenProject.TC_002 -->
