<?xml version="1.0" encoding="UTF-8"?>
<!-- Generated by org.testng.reporters.JUnitReportReporter -->
<testsuite skipped="0" hostname="DESKTOP-27L8JE7" name="com.testng.TC_003" tests="2" failures="0" timestamp="02 Jan 2020 01:55:08 GMT" time="59.900" errors="0">
  <testcase name="amazon" time="18.643" classname="com.testng.TC_003"/>
  <testcase name="amazon" time="41.257" classname="com.testng.TC_003"/>
</testsuite> <!-- com.testng.TC_003 -->
