<?xml version="1.0" encoding="UTF-8"?>
<!-- Generated by org.testng.reporters.JUnitReportReporter -->
<testsuite skipped="0" hostname="DESKTOP-27L8JE7" name="com.testng.LinksTesting1" tests="2" failures="0" timestamp="02 Jan 2020 01:55:08 GMT" time="48.641" errors="0">
  <testcase name="linktesting1" time="35.825" classname="com.testng.LinksTesting1"/>
  <testcase name="linktesting1" time="12.816" classname="com.testng.LinksTesting1"/>
</testsuite> <!-- com.testng.LinksTesting1 -->
