<?xml version="1.0" encoding="UTF-8"?>
<!-- Generated by org.testng.reporters.JUnitReportReporter -->
<testsuite skipped="0" hostname="DESKTOP-27L8JE7" name="com.testng.LinksTesting1" tests="1" failures="0" timestamp="03 Jan 2020 01:48:31 GMT" time="17.335" errors="0">
  <testcase name="linktesting1" time="17.335" classname="com.testng.LinksTesting1"/>
</testsuite> <!-- com.testng.LinksTesting1 -->
