<?xml version="1.0" encoding="UTF-8"?>
<!-- Generated by org.testng.reporters.JUnitReportReporter -->
<testsuite skipped="0" hostname="DESKTOP-27L8JE7" name="com.testng.RadioButton1" tests="2" failures="0" timestamp="02 Jan 2020 01:55:08 GMT" time="51.799" errors="0">
  <testcase name="checkboxTest" time="15.199" classname="com.testng.RadioButton1"/>
  <testcase name="checkboxTest" time="36.600" classname="com.testng.RadioButton1"/>
</testsuite> <!-- com.testng.RadioButton1 -->
