<?xml version="1.0" encoding="UTF-8"?>
<!-- Generated by org.testng.reporters.JUnitReportReporter -->
<testsuite skipped="0" hostname="DESKTOP-27L8JE7" name="com.project.December2019MavenProject.TC_001" tests="1" failures="0" timestamp="31 Dec 2019 01:38:27 GMT" time="0.020" errors="0">
  <testcase name="f" time="0.020" classname="com.project.December2019MavenProject.TC_001"/>
</testsuite> <!-- com.project.December2019MavenProject.TC_001 -->
