<?xml version="1.0" encoding="UTF-8"?>
<!-- Generated by org.testng.reporters.JUnitReportReporter -->
<testsuite skipped="0" hostname="DESKTOP-27L8JE7" name="com.testng.CheckBox1" tests="2" failures="0" timestamp="02 Jan 2020 01:55:08 GMT" time="73.030" errors="0">
  <testcase name="checkboxTest" time="18.083" classname="com.testng.CheckBox1"/>
  <testcase name="checkboxTest" time="54.947" classname="com.testng.CheckBox1"/>
</testsuite> <!-- com.testng.CheckBox1 -->
